#
# There is insufficient memory for the Java Runtime Environment to continue.
# Native memory allocation (malloc) failed to allocate 748416 bytes. Error detail: Chunk::new
# Possible reasons:
#   The system is out of physical RAM or swap space
#   This process is running with CompressedOops enabled, and the Java Heap may be blocking the growth of the native heap
# Possible solutions:
#   Reduce memory load on the system
#   Increase physical memory or swap space
#   Check if swap backing store is full
#   Decrease Java heap size (-Xmx/-Xms)
#   Decrease number of Java threads
#   Decrease Java thread stack sizes (-Xss)
#   Set larger code cache with -XX:ReservedCodeCacheSize=
#   JVM is running with Unscaled Compressed Oops mode in which the Java heap is
#     placed in the first 4GB address space. The Java Heap base address is the
#     maximum limit for the native heap growth. Please use -XX:HeapBaseMinAddress
#     to set the Java Heap base and to place the Java Heap above 4GB virtual address.
# This output file may be truncated or incomplete.
#
#  Out of Memory Error (arena.cpp:168), pid=4040, tid=13032
#
# JRE version: OpenJDK Runtime Environment (21.0.6) (build 21.0.6+-13391695-b895.109)
# Java VM: OpenJDK 64-Bit Server VM (21.0.6+-13391695-b895.109, mixed mode, tiered, compressed oops, compressed class ptrs, g1 gc, windows-amd64)
# No core dump will be written. Minidumps are not enabled by default on client versions of Windows
#

---------------  S U M M A R Y ------------

Command Line: org.jetbrains.kotlin.cli.jvm.K2JVMCompiler @D:\SmartSight2\app\build\20251126_9943585223633375821.compiler.options

Host: 11th Gen Intel(R) Core(TM) i5-1135G7 @ 2.40GHz, 8 cores, 7G,  Windows 11 , 64 bit Build 26100 (10.0.26100.6725)
Time: Wed Nov 26 13:43:01 2025 India Standard Time elapsed time: 4.219369 seconds (0d 0h 0m 4s)

---------------  T H R E A D  ---------------

Current thread (0x0000023ec8b7ef80):  JavaThread "C2 CompilerThread1" daemon [_thread_in_native, id=13032, stack(0x0000006196800000,0x0000006196900000) (1024K)]


Current CompileTask:
C2:4219 4609       4       java.lang.invoke.MethodType::methodType (69 bytes)

Stack: [0x0000006196800000,0x0000006196900000]
Native frames: (J=compiled Java code, j=interpreted, Vv=VM code, C=native code)
V  [jvm.dll+0x6d0639]
V  [jvm.dll+0x85eb03]
V  [jvm.dll+0x86105e]
V  [jvm.dll+0x861743]
V  [jvm.dll+0x27e6e6]
V  [jvm.dll+0xbff6d]
V  [jvm.dll+0xc04a3]
V  [jvm.dll+0x2f2780]
V  [jvm.dll+0x5fa409]
V  [jvm.dll+0x250d92]
V  [jvm.dll+0x249254]
V  [jvm.dll+0x24714e]
V  [jvm.dll+0x1c5f04]
V  [jvm.dll+0x2569ac]
V  [jvm.dll+0x254ef6]
V  [jvm.dll+0x3f0e96]
V  [jvm.dll+0x806ed8]
V  [jvm.dll+0x6cef0d]
C  [ucrtbase.dll+0x37b0]
C  [KERNEL32.DLL+0x2e8d7]
C  [ntdll.dll+0x8c53c]


---------------  P R O C E S S  ---------------

Threads class SMR info:
_java_thread_list=0x0000023eca1d1e10, length=12, elements={
0x0000023eaa45f010, 0x0000023ec8079e80, 0x0000023ec807a8d0, 0x0000023ec80a0760,
0x0000023ec8063b00, 0x0000023ec8065560, 0x0000023ec80660e0, 0x0000023ec8069620,
0x0000023ec805ada0, 0x0000023ec82339b0, 0x0000023ec82341d0, 0x0000023ec8b7ef80
}

Java Threads: ( => current thread )
  0x0000023eaa45f010 JavaThread "main"                              [_thread_in_Java, id=19164, stack(0x0000006195600000,0x0000006195700000) (1024K)]
  0x0000023ec8079e80 JavaThread "Reference Handler"          daemon [_thread_blocked, id=18616, stack(0x0000006195e00000,0x0000006195f00000) (1024K)]
  0x0000023ec807a8d0 JavaThread "Finalizer"                  daemon [_thread_blocked, id=12564, stack(0x0000006195f00000,0x0000006196000000) (1024K)]
  0x0000023ec80a0760 JavaThread "Signal Dispatcher"          daemon [_thread_blocked, id=1944, stack(0x0000006196000000,0x0000006196100000) (1024K)]
  0x0000023ec8063b00 JavaThread "Attach Listener"            daemon [_thread_blocked, id=11504, stack(0x0000006196100000,0x0000006196200000) (1024K)]
  0x0000023ec8065560 JavaThread "Service Thread"             daemon [_thread_blocked, id=10432, stack(0x0000006196200000,0x0000006196300000) (1024K)]
  0x0000023ec80660e0 JavaThread "Monitor Deflation Thread"   daemon [_thread_blocked, id=3364, stack(0x0000006196300000,0x0000006196400000) (1024K)]
  0x0000023ec8069620 JavaThread "C2 CompilerThread0"         daemon [_thread_blocked, id=19728, stack(0x0000006196400000,0x0000006196500000) (1024K)]
  0x0000023ec805ada0 JavaThread "C1 CompilerThread0"         daemon [_thread_in_vm, id=13500, stack(0x0000006196500000,0x0000006196600000) (1024K)]
  0x0000023ec82339b0 JavaThread "Notification Thread"        daemon [_thread_blocked, id=4352, stack(0x0000006196600000,0x0000006196700000) (1024K)]
  0x0000023ec82341d0 JavaThread "Common-Cleaner"             daemon [_thread_blocked, id=5424, stack(0x0000006196700000,0x0000006196800000) (1024K)]
=>0x0000023ec8b7ef80 JavaThread "C2 CompilerThread1"         daemon [_thread_in_native, id=13032, stack(0x0000006196800000,0x0000006196900000) (1024K)]
Total: 12

Other Threads:
  0x0000023ec8008830 VMThread "VM Thread"                           [id=21196, stack(0x0000006195d00000,0x0000006195e00000) (1024K)]
  0x0000023ec3ce29e0 WatcherThread "VM Periodic Task Thread"        [id=12936, stack(0x0000006195c00000,0x0000006195d00000) (1024K)]
  0x0000023eac7fb820 WorkerThread "GC Thread#0"                     [id=20020, stack(0x0000006195700000,0x0000006195800000) (1024K)]
  0x0000023ec8a6b370 WorkerThread "GC Thread#1"                     [id=21064, stack(0x0000006196900000,0x0000006196a00000) (1024K)]
  0x0000023ec8a9c680 WorkerThread "GC Thread#2"                     [id=384, stack(0x0000006196a00000,0x0000006196b00000) (1024K)]
  0x0000023ec8a9ca20 WorkerThread "GC Thread#3"                     [id=1292, stack(0x0000006196b00000,0x0000006196c00000) (1024K)]
  0x0000023ec8a9cdc0 WorkerThread "GC Thread#4"                     [id=19144, stack(0x0000006196c00000,0x0000006196d00000) (1024K)]
  0x0000023ec8a9d160 WorkerThread "GC Thread#5"                     [id=12464, stack(0x0000006196d00000,0x0000006196e00000) (1024K)]
  0x0000023ec8b53530 WorkerThread "GC Thread#6"                     [id=20788, stack(0x0000006196e00000,0x0000006196f00000) (1024K)]
  0x0000023ec8b54010 WorkerThread "GC Thread#7"                     [id=13296, stack(0x0000006196f00000,0x0000006197000000) (1024K)]
  0x0000023eac80bf80 ConcurrentGCThread "G1 Main Marker"            [id=19072, stack(0x0000006195800000,0x0000006195900000) (1024K)]
  0x0000023eac80d8c0 WorkerThread "G1 Conc#0"                       [id=14024, stack(0x0000006195900000,0x0000006195a00000) (1024K)]
  0x0000023ec8b538d0 WorkerThread "G1 Conc#1"                       [id=4368, stack(0x0000006197000000,0x0000006197100000) (1024K)]
  0x0000023ec3bb0150 ConcurrentGCThread "G1 Refine#0"               [id=19176, stack(0x0000006195a00000,0x0000006195b00000) (1024K)]
  0x0000023ec3bb0970 ConcurrentGCThread "G1 Service"                [id=12332, stack(0x0000006195b00000,0x0000006195c00000) (1024K)]
Total: 15

Threads with active compile tasks:
C2 CompilerThread1  4241 4609       4       java.lang.invoke.MethodType::methodType (69 bytes)
Total: 1

VM state: not at safepoint (normal execution)

VM Mutex/Monitor currently owned by a thread:  ([mutex/lock_event])
[0x00007ffd40f6c1a0] Metaspace_lock - owner thread: 0x0000023eaa45f010

Heap address: 0x0000000084400000, size: 1980 MB, Compressed Oops mode: 32-bit

CDS archive(s) not mapped
Compressed class space mapped at: 0x0000000100000000-0x0000000140000000, reserved size: 1073741824
Narrow klass base: 0x0000000000000000, Narrow klass shift: 3, Narrow klass range: 0x140000000

GC Precious Log:
 CardTable entry size: 512
 Card Set container configuration: InlinePtr #cards 5 size 8 Array Of Cards #cards 12 size 40 Howl #buckets 4 coarsen threshold 1843 Howl Bitmap #cards 512 size 80 coarsen threshold 460 Card regions per heap region 1 cards per card region 2048
 CPUs: 8 total, 8 available
 Memory: 7914M
 Large Page Support: Disabled
 NUMA Support: Disabled
 Compressed Oops: Enabled (32-bit)
 Heap Region Size: 1M
 Heap Min Capacity: 8M
 Heap Initial Capacity: 124M
 Heap Max Capacity: 1980M
 Pre-touch: Disabled
 Parallel Workers: 8
 Concurrent Workers: 2
 Concurrent Refinement Workers: 8
 Periodic GC: Disabled

Heap:
 garbage-first heap   total 101376K, used 66869K [0x0000000084400000, 0x0000000100000000)
  region size 1024K, 10 young (10240K), 2 survivors (2048K)
 Metaspace       used 53622K, committed 53888K, reserved 1114112K
  class space    used 6072K, committed 6208K, reserved 1048576K

Heap Regions: E=young(eden), S=young(survivor), O=old, HS=humongous(starts), HC=humongous(continues), CS=collection set, F=free, TAMS=top-at-mark-start, PB=parsable bottom
|   0|0x0000000084400000, 0x0000000084500000, 0x0000000084500000|100%|HS|  |TAMS 0x0000000084400000| PB 0x0000000084400000| Complete 
|   1|0x0000000084500000, 0x0000000084600000, 0x0000000084600000|100%|HC|  |TAMS 0x0000000084500000| PB 0x0000000084500000| Complete 
|   2|0x0000000084600000, 0x0000000084700000, 0x0000000084700000|100%|HC|  |TAMS 0x0000000084600000| PB 0x0000000084600000| Complete 
|   3|0x0000000084700000, 0x0000000084800000, 0x0000000084800000|100%| O|  |TAMS 0x0000000084700000| PB 0x0000000084700000| Untracked 
|   4|0x0000000084800000, 0x0000000084900000, 0x0000000084900000|100%| O|  |TAMS 0x0000000084800000| PB 0x0000000084800000| Untracked 
|   5|0x0000000084900000, 0x00000000849f1e00, 0x0000000084a00000| 94%| O|  |TAMS 0x0000000084900000| PB 0x0000000084900000| Untracked 
|   6|0x0000000084a00000, 0x0000000084b00000, 0x0000000084b00000|100%| O|  |TAMS 0x0000000084a00000| PB 0x0000000084a00000| Untracked 
|   7|0x0000000084b00000, 0x0000000084c00000, 0x0000000084c00000|100%| O|  |TAMS 0x0000000084b00000| PB 0x0000000084b00000| Untracked 
|   8|0x0000000084c00000, 0x0000000084d00000, 0x0000000084d00000|100%| O|  |TAMS 0x0000000084c00000| PB 0x0000000084c00000| Untracked 
|   9|0x0000000084d00000, 0x0000000084e00000, 0x0000000084e00000|100%| O|  |TAMS 0x0000000084d00000| PB 0x0000000084d00000| Untracked 
|  10|0x0000000084e00000, 0x0000000084f00000, 0x0000000084f00000|100%| O|  |TAMS 0x0000000084e00000| PB 0x0000000084e00000| Untracked 
|  11|0x0000000084f00000, 0x0000000085000000, 0x0000000085000000|100%| O|  |TAMS 0x0000000084f00000| PB 0x0000000084f00000| Untracked 
|  12|0x0000000085000000, 0x0000000085100000, 0x0000000085100000|100%| O|  |TAMS 0x0000000085000000| PB 0x0000000085000000| Untracked 
|  13|0x0000000085100000, 0x0000000085200000, 0x0000000085200000|100%| O|  |TAMS 0x0000000085100000| PB 0x0000000085100000| Untracked 
|  14|0x0000000085200000, 0x0000000085300000, 0x0000000085300000|100%| O|  |TAMS 0x0000000085200000| PB 0x0000000085200000| Untracked 
|  15|0x0000000085300000, 0x0000000085400000, 0x0000000085400000|100%| O|  |TAMS 0x0000000085300000| PB 0x0000000085300000| Untracked 
|  16|0x0000000085400000, 0x0000000085500000, 0x0000000085500000|100%| O|  |TAMS 0x0000000085400000| PB 0x0000000085400000| Untracked 
|  17|0x0000000085500000, 0x0000000085600000, 0x0000000085600000|100%| O|  |TAMS 0x0000000085500000| PB 0x0000000085500000| Untracked 
|  18|0x0000000085600000, 0x0000000085700000, 0x0000000085700000|100%| O|  |TAMS 0x0000000085600000| PB 0x0000000085600000| Untracked 
|  19|0x0000000085700000, 0x0000000085800000, 0x0000000085800000|100%| O|  |TAMS 0x0000000085700000| PB 0x0000000085700000| Untracked 
|  20|0x0000000085800000, 0x0000000085900000, 0x0000000085900000|100%| O|  |TAMS 0x0000000085800000| PB 0x0000000085800000| Untracked 
|  21|0x0000000085900000, 0x0000000085a00000, 0x0000000085a00000|100%| O|  |TAMS 0x0000000085900000| PB 0x0000000085900000| Untracked 
|  22|0x0000000085a00000, 0x0000000085b00000, 0x0000000085b00000|100%| O|  |TAMS 0x0000000085a00000| PB 0x0000000085a00000| Untracked 
|  23|0x0000000085b00000, 0x0000000085c00000, 0x0000000085c00000|100%| O|  |TAMS 0x0000000085b00000| PB 0x0000000085b00000| Untracked 
|  24|0x0000000085c00000, 0x0000000085d00000, 0x0000000085d00000|100%| O|  |TAMS 0x0000000085c00000| PB 0x0000000085c00000| Untracked 
|  25|0x0000000085d00000, 0x0000000085e00000, 0x0000000085e00000|100%| O|  |TAMS 0x0000000085d00000| PB 0x0000000085d00000| Untracked 
|  26|0x0000000085e00000, 0x0000000085f00000, 0x0000000085f00000|100%| O|  |TAMS 0x0000000085e00000| PB 0x0000000085e00000| Untracked 
|  27|0x0000000085f00000, 0x0000000086000000, 0x0000000086000000|100%| O|  |TAMS 0x0000000085f00000| PB 0x0000000085f00000| Untracked 
|  28|0x0000000086000000, 0x0000000086100000, 0x0000000086100000|100%| O|  |TAMS 0x0000000086000000| PB 0x0000000086000000| Untracked 
|  29|0x0000000086100000, 0x0000000086200000, 0x0000000086200000|100%| O|  |TAMS 0x0000000086100000| PB 0x0000000086100000| Untracked 
|  30|0x0000000086200000, 0x0000000086300000, 0x0000000086300000|100%| O|  |TAMS 0x0000000086200000| PB 0x0000000086200000| Untracked 
|  31|0x0000000086300000, 0x0000000086400000, 0x0000000086400000|100%| O|  |TAMS 0x0000000086300000| PB 0x0000000086300000| Untracked 
|  32|0x0000000086400000, 0x0000000086500000, 0x0000000086500000|100%| O|  |TAMS 0x0000000086400000| PB 0x0000000086400000| Untracked 
|  33|0x0000000086500000, 0x0000000086600000, 0x0000000086600000|100%| O|  |TAMS 0x0000000086500000| PB 0x0000000086500000| Untracked 
|  34|0x0000000086600000, 0x0000000086700000, 0x0000000086700000|100%| O|  |TAMS 0x0000000086600000| PB 0x0000000086600000| Untracked 
|  35|0x0000000086700000, 0x0000000086800000, 0x0000000086800000|100%| O|  |TAMS 0x0000000086700000| PB 0x0000000086700000| Untracked 
|  36|0x0000000086800000, 0x0000000086900000, 0x0000000086900000|100%| O|  |TAMS 0x0000000086800000| PB 0x0000000086800000| Untracked 
|  37|0x0000000086900000, 0x0000000086a00000, 0x0000000086a00000|100%| O|  |TAMS 0x0000000086900000| PB 0x0000000086900000| Untracked 
|  38|0x0000000086a00000, 0x0000000086b00000, 0x0000000086b00000|100%|HS|  |TAMS 0x0000000086a00000| PB 0x0000000086a00000| Complete 
|  39|0x0000000086b00000, 0x0000000086c00000, 0x0000000086c00000|100%| O|  |TAMS 0x0000000086b00000| PB 0x0000000086b00000| Untracked 
|  40|0x0000000086c00000, 0x0000000086d00000, 0x0000000086d00000|100%| O|  |TAMS 0x0000000086c00000| PB 0x0000000086c00000| Untracked 
|  41|0x0000000086d00000, 0x0000000086e00000, 0x0000000086e00000|100%| O|  |TAMS 0x0000000086d00000| PB 0x0000000086d00000| Untracked 
|  42|0x0000000086e00000, 0x0000000086f00000, 0x0000000086f00000|100%| O|  |TAMS 0x0000000086e00000| PB 0x0000000086e00000| Untracked 
|  43|0x0000000086f00000, 0x0000000087000000, 0x0000000087000000|100%| O|  |TAMS 0x0000000086f00000| PB 0x0000000086f00000| Untracked 
|  44|0x0000000087000000, 0x0000000087100000, 0x0000000087100000|100%| O|  |TAMS 0x0000000087000000| PB 0x0000000087000000| Untracked 
|  45|0x0000000087100000, 0x0000000087200000, 0x0000000087200000|100%| O|  |TAMS 0x0000000087100000| PB 0x0000000087100000| Untracked 
|  46|0x0000000087200000, 0x0000000087300000, 0x0000000087300000|100%| O|Cm|TAMS 0x0000000087200000| PB 0x0000000087200000| Complete 
|  47|0x0000000087300000, 0x0000000087400000, 0x0000000087400000|100%| O|  |TAMS 0x0000000087300000| PB 0x0000000087300000| Untracked 
|  48|0x0000000087400000, 0x0000000087500000, 0x0000000087500000|100%| O|  |TAMS 0x0000000087400000| PB 0x0000000087400000| Untracked 
|  49|0x0000000087500000, 0x0000000087600000, 0x0000000087600000|100%| O|  |TAMS 0x0000000087500000| PB 0x0000000087500000| Untracked 
|  50|0x0000000087600000, 0x0000000087700000, 0x0000000087700000|100%| O|  |TAMS 0x0000000087600000| PB 0x0000000087600000| Untracked 
|  51|0x0000000087700000, 0x0000000087800000, 0x0000000087800000|100%| O|Cm|TAMS 0x0000000087700000| PB 0x0000000087700000| Complete 
|  52|0x0000000087800000, 0x0000000087900000, 0x0000000087900000|100%| O|  |TAMS 0x0000000087800000| PB 0x0000000087800000| Untracked 
|  53|0x0000000087900000, 0x0000000087a00000, 0x0000000087a00000|100%| O|  |TAMS 0x0000000087900000| PB 0x0000000087900000| Untracked 
|  54|0x0000000087a00000, 0x0000000087a80000, 0x0000000087b00000| 50%| O|  |TAMS 0x0000000087a00000| PB 0x0000000087a00000| Untracked 
|  55|0x0000000087b00000, 0x0000000087b00000, 0x0000000087c00000|  0%| F|  |TAMS 0x0000000087b00000| PB 0x0000000087b00000| Untracked 
|  56|0x0000000087c00000, 0x0000000087c00000, 0x0000000087d00000|  0%| F|  |TAMS 0x0000000087c00000| PB 0x0000000087c00000| Untracked 
|  57|0x0000000087d00000, 0x0000000087d00000, 0x0000000087e00000|  0%| F|  |TAMS 0x0000000087d00000| PB 0x0000000087d00000| Untracked 
|  58|0x0000000087e00000, 0x0000000087e00000, 0x0000000087f00000|  0%| F|  |TAMS 0x0000000087e00000| PB 0x0000000087e00000| Untracked 
|  59|0x0000000087f00000, 0x0000000087f00000, 0x0000000088000000|  0%| F|  |TAMS 0x0000000087f00000| PB 0x0000000087f00000| Untracked 
|  60|0x0000000088000000, 0x0000000088000000, 0x0000000088100000|  0%| F|  |TAMS 0x0000000088000000| PB 0x0000000088000000| Untracked 
|  61|0x0000000088100000, 0x0000000088100000, 0x0000000088200000|  0%| F|  |TAMS 0x0000000088100000| PB 0x0000000088100000| Untracked 
|  62|0x0000000088200000, 0x0000000088200000, 0x0000000088300000|  0%| F|  |TAMS 0x0000000088200000| PB 0x0000000088200000| Untracked 
|  63|0x0000000088300000, 0x00000000883db630, 0x0000000088400000| 85%| S|CS|TAMS 0x0000000088300000| PB 0x0000000088300000| Complete 
|  64|0x0000000088400000, 0x0000000088500000, 0x0000000088500000|100%| S|CS|TAMS 0x0000000088400000| PB 0x0000000088400000| Complete 
|  65|0x0000000088500000, 0x0000000088500000, 0x0000000088600000|  0%| F|  |TAMS 0x0000000088500000| PB 0x0000000088500000| Untracked 
|  66|0x0000000088600000, 0x0000000088600000, 0x0000000088700000|  0%| F|  |TAMS 0x0000000088600000| PB 0x0000000088600000| Untracked 
|  67|0x0000000088700000, 0x0000000088700000, 0x0000000088800000|  0%| F|  |TAMS 0x0000000088700000| PB 0x0000000088700000| Untracked 
|  68|0x0000000088800000, 0x0000000088800000, 0x0000000088900000|  0%| F|  |TAMS 0x0000000088800000| PB 0x0000000088800000| Untracked 
|  69|0x0000000088900000, 0x0000000088900000, 0x0000000088a00000|  0%| F|  |TAMS 0x0000000088900000| PB 0x0000000088900000| Untracked 
|  70|0x0000000088a00000, 0x0000000088a00000, 0x0000000088b00000|  0%| F|  |TAMS 0x0000000088a00000| PB 0x0000000088a00000| Untracked 
|  71|0x0000000088b00000, 0x0000000088b00000, 0x0000000088c00000|  0%| F|  |TAMS 0x0000000088b00000| PB 0x0000000088b00000| Untracked 
|  72|0x0000000088c00000, 0x0000000088c00000, 0x0000000088d00000|  0%| F|  |TAMS 0x0000000088c00000| PB 0x0000000088c00000| Untracked 
|  73|0x0000000088d00000, 0x0000000088d00000, 0x0000000088e00000|  0%| F|  |TAMS 0x0000000088d00000| PB 0x0000000088d00000| Untracked 
|  74|0x0000000088e00000, 0x0000000088e00000, 0x0000000088f00000|  0%| F|  |TAMS 0x0000000088e00000| PB 0x0000000088e00000| Untracked 
|  75|0x0000000088f00000, 0x0000000088f00000, 0x0000000089000000|  0%| F|  |TAMS 0x0000000088f00000| PB 0x0000000088f00000| Untracked 
|  76|0x0000000089000000, 0x0000000089000000, 0x0000000089100000|  0%| F|  |TAMS 0x0000000089000000| PB 0x0000000089000000| Untracked 
|  77|0x0000000089100000, 0x0000000089100000, 0x0000000089200000|  0%| F|  |TAMS 0x0000000089100000| PB 0x0000000089100000| Untracked 
|  78|0x0000000089200000, 0x0000000089200000, 0x0000000089300000|  0%| F|  |TAMS 0x0000000089200000| PB 0x0000000089200000| Untracked 
|  79|0x0000000089300000, 0x0000000089300000, 0x0000000089400000|  0%| F|  |TAMS 0x0000000089300000| PB 0x0000000089300000| Untracked 
|  80|0x0000000089400000, 0x0000000089400000, 0x0000000089500000|  0%| F|  |TAMS 0x0000000089400000| PB 0x0000000089400000| Untracked 
|  81|0x0000000089500000, 0x0000000089500000, 0x0000000089600000|  0%| F|  |TAMS 0x0000000089500000| PB 0x0000000089500000| Untracked 
|  82|0x0000000089600000, 0x0000000089600000, 0x0000000089700000|  0%| F|  |TAMS 0x0000000089600000| PB 0x0000000089600000| Untracked 
|  83|0x0000000089700000, 0x0000000089700000, 0x0000000089800000|  0%| F|  |TAMS 0x0000000089700000| PB 0x0000000089700000| Untracked 
|  84|0x0000000089800000, 0x0000000089800000, 0x0000000089900000|  0%| F|  |TAMS 0x0000000089800000| PB 0x0000000089800000| Untracked 
|  85|0x0000000089900000, 0x0000000089900000, 0x0000000089a00000|  0%| F|  |TAMS 0x0000000089900000| PB 0x0000000089900000| Untracked 
|  86|0x0000000089a00000, 0x0000000089a00000, 0x0000000089b00000|  0%| F|  |TAMS 0x0000000089a00000| PB 0x0000000089a00000| Untracked 
|  87|0x0000000089b00000, 0x0000000089b00000, 0x0000000089c00000|  0%| F|  |TAMS 0x0000000089b00000| PB 0x0000000089b00000| Untracked 
|  88|0x0000000089c00000, 0x0000000089c00000, 0x0000000089d00000|  0%| F|  |TAMS 0x0000000089c00000| PB 0x0000000089c00000| Untracked 
|  89|0x0000000089d00000, 0x0000000089d99278, 0x0000000089e00000| 59%| E|  |TAMS 0x0000000089d00000| PB 0x0000000089d00000| Complete 
|  90|0x0000000089e00000, 0x0000000089f00000, 0x0000000089f00000|100%| E|CS|TAMS 0x0000000089e00000| PB 0x0000000089e00000| Complete 
|  91|0x0000000089f00000, 0x000000008a000000, 0x000000008a000000|100%| E|CS|TAMS 0x0000000089f00000| PB 0x0000000089f00000| Complete 
|  92|0x000000008a000000, 0x000000008a100000, 0x000000008a100000|100%| E|CS|TAMS 0x000000008a000000| PB 0x000000008a000000| Complete 
|  97|0x000000008a500000, 0x000000008a600000, 0x000000008a600000|100%| E|CS|TAMS 0x000000008a500000| PB 0x000000008a500000| Complete 
| 101|0x000000008a900000, 0x000000008aa00000, 0x000000008aa00000|100%| E|CS|TAMS 0x000000008a900000| PB 0x000000008a900000| Complete 
| 123|0x000000008bf00000, 0x000000008c000000, 0x000000008c000000|100%| E|CS|TAMS 0x000000008bf00000| PB 0x000000008bf00000| Complete 
|1977|0x00000000ffd00000, 0x00000000ffe00000, 0x00000000ffe00000|100%| E|CS|TAMS 0x00000000ffd00000| PB 0x00000000ffd00000| Complete 
|1978|0x00000000ffe00000, 0x00000000fff00000, 0x00000000fff00000|100%| O|  |TAMS 0x00000000ffe00000| PB 0x00000000ffe00000| Untracked 
|1979|0x00000000fff00000, 0x0000000100000000, 0x0000000100000000|100%| O|  |TAMS 0x00000000fff00000| PB 0x00000000fff00000| Untracked 

Card table byte_map: [0x0000023ebf010000,0x0000023ebf3f0000] _byte_map_base: 0x0000023ebebee000

Marking Bits: (CMBitMap*) 0x0000023eac7fbf20
 Bits: [0x0000023ebf3f0000, 0x0000023ec12e0000)

Polling page: 0x0000023eaa640000

Metaspace:

Usage:
  Non-class:     46.44 MB used.
      Class:      5.93 MB used.
       Both:     52.37 MB used.

Virtual space:
  Non-class space:       64.00 MB reserved,      46.56 MB ( 73%) committed,  1 nodes.
      Class space:        1.00 GB reserved,       6.06 MB ( <1%) committed,  1 nodes.
             Both:        1.06 GB reserved,      52.62 MB (  5%) committed. 

Chunk freelists:
   Non-Class:  1.05 MB
       Class:  9.89 MB
        Both:  10.94 MB

MaxMetaspaceSize: unlimited
CompressedClassSpaceSize: 1.00 GB
Initial GC threshold: 21.00 MB
Current GC threshold: 85.88 MB
CDS: off
 - commit_granule_bytes: 65536.
 - commit_granule_words: 8192.
 - virtual_space_node_default_size: 8388608.
 - enlarge_chunks_in_place: 1.
 - use_allocation_guard: 0.


Internal statistics:

num_allocs_failed_limit: 6.
num_arena_births: 268.
num_arena_deaths: 0.
num_vsnodes_births: 2.
num_vsnodes_deaths: 0.
num_space_committed: 840.
num_space_uncommitted: 0.
num_chunks_returned_to_freelist: 6.
num_chunks_taken_from_freelist: 1870.
num_chunk_merges: 6.
num_chunk_splits: 1534.
num_chunks_enlarged: 1379.
num_inconsistent_stats: 0.

CodeHeap 'non-profiled nmethods': size=120000Kb used=2400Kb max_used=2400Kb free=117599Kb
 bounds [0x0000023eb73d0000, 0x0000023eb7640000, 0x0000023ebe900000]
CodeHeap 'profiled nmethods': size=120000Kb used=8870Kb max_used=8872Kb free=111129Kb
 bounds [0x0000023eaf900000, 0x0000023eb01d0000, 0x0000023eb6e30000]
CodeHeap 'non-nmethods': size=5760Kb used=1768Kb max_used=1827Kb free=3992Kb
 bounds [0x0000023eb6e30000, 0x0000023eb70a0000, 0x0000023eb73d0000]
 total_blobs=4653 nmethods=4001 adapters=556
 compilation: enabled
              stopped_count=0, restarted_count=0
 full_count=0

Compilation events (20 events):
Event: 4.210 Thread 0x0000023ec805ada0 4648       1       org.jetbrains.kotlin.utils.SmartList$EmptyIterator::hasNext (2 bytes)
Event: 4.210 Thread 0x0000023ec805ada0 nmethod 4648 0x0000023eb7499b90 code [0x0000023eb7499d20, 0x0000023eb7499de8]
Event: 4.210 Thread 0x0000023ec805ada0 4650       3       kotlin.collections.builders.ListBuilder::iterator (9 bytes)
Event: 4.210 Thread 0x0000023ec805ada0 nmethod 4650 0x0000023eafbd9310 code [0x0000023eafbd94e0, 0x0000023eafbd9740]
Event: 4.211 Thread 0x0000023ec805ada0 4651       1       org.jetbrains.kotlin.fir.resolve.calls.candidate.Candidate::getCallInfo (5 bytes)
Event: 4.211 Thread 0x0000023ec805ada0 nmethod 4651 0x0000023eb7499890 code [0x0000023eb7499a20, 0x0000023eb7499ae8]
Event: 4.212 Thread 0x0000023ec805ada0 4652       3       org.jetbrains.kotlin.util.NullableArrayMapAccessor::getValue (10 bytes)
Event: 4.213 Thread 0x0000023ec805ada0 nmethod 4652 0x0000023eafed4590 code [0x0000023eafed48e0, 0x0000023eafed5a20]
Event: 4.214 Thread 0x0000023ec8069620 4653       4       org.jetbrains.kotlin.name.FqName::equals (39 bytes)
Event: 4.214 Thread 0x0000023ec805ada0 4654       3       org.jetbrains.kotlin.fir.resolve.TypeExpansionUtilsKt::fullyExpandedType (131 bytes)
Event: 4.215 Thread 0x0000023ec805ada0 nmethod 4654 0x0000023eafea5d10 code [0x0000023eafea6200, 0x0000023eafea8730]
Event: 4.216 Thread 0x0000023ec805ada0 4656       3       org.jetbrains.kotlin.fir.resolve.TypeExpansionUtilsKt::fullyExpandedType$default (20 bytes)
Event: 4.216 Thread 0x0000023ec8069620 nmethod 4653 0x0000023eb7573d10 code [0x0000023eb7573ea0, 0x0000023eb75740f0]
Event: 4.216 Thread 0x0000023ec805ada0 nmethod 4656 0x0000023eafc9f590 code [0x0000023eafc9f740, 0x0000023eafc9f890]
Event: 4.216 Thread 0x0000023ec805ada0 4655       3       kotlin.collections.CollectionsKt___CollectionsKt::contains (38 bytes)
Event: 4.216 Thread 0x0000023ec805ada0 nmethod 4655 0x0000023eaf9e2610 code [0x0000023eaf9e2880, 0x0000023eaf9e3190]
Event: 4.216 Thread 0x0000023ec805ada0 4657       1       org.jetbrains.kotlin.fir.resolve.calls.candidate.Candidate::setPassedStages (6 bytes)
Event: 4.216 Thread 0x0000023ec805ada0 nmethod 4657 0x0000023eb7499390 code [0x0000023eb7499520, 0x0000023eb74995e8]
Event: 4.217 Thread 0x0000023ec805ada0 4658       1       org.jetbrains.kotlin.fir.declarations.impl.FirSimpleFunctionImpl::getOrigin (5 bytes)
Event: 4.217 Thread 0x0000023ec805ada0 nmethod 4658 0x0000023eb7573a10 code [0x0000023eb7573ba0, 0x0000023eb7573c68]

GC Heap History (20 events):
Event: 1.308 GC heap before
{Heap before GC invocations=8 (full 0):
 garbage-first heap   total 39936K, used 28982K [0x0000000084400000, 0x0000000100000000)
  region size 1024K, 8 young (8192K), 2 survivors (2048K)
 Metaspace       used 28236K, committed 28480K, reserved 1114112K
  class space    used 3019K, committed 3136K, reserved 1048576K
}
Event: 1.310 GC heap after
{Heap after GC invocations=9 (full 0):
 garbage-first heap   total 65536K, used 23315K [0x0000000084400000, 0x0000000100000000)
  region size 1024K, 1 young (1024K), 1 survivors (1024K)
 Metaspace       used 28236K, committed 28480K, reserved 1114112K
  class space    used 3019K, committed 3136K, reserved 1048576K
}
Event: 1.698 GC heap before
{Heap before GC invocations=9 (full 0):
 garbage-first heap   total 65536K, used 46867K [0x0000000084400000, 0x0000000100000000)
  region size 1024K, 25 young (25600K), 1 survivors (1024K)
 Metaspace       used 35252K, committed 35456K, reserved 1114112K
  class space    used 4252K, committed 4352K, reserved 1048576K
}
Event: 1.706 GC heap after
{Heap after GC invocations=10 (full 0):
 garbage-first heap   total 65536K, used 24722K [0x0000000084400000, 0x0000000100000000)
  region size 1024K, 3 young (3072K), 3 survivors (3072K)
 Metaspace       used 35252K, committed 35456K, reserved 1114112K
  class space    used 4252K, committed 4352K, reserved 1048576K
}
Event: 2.094 GC heap before
{Heap before GC invocations=10 (full 0):
 garbage-first heap   total 65536K, used 50322K [0x0000000084400000, 0x0000000100000000)
  region size 1024K, 28 young (28672K), 3 survivors (3072K)
 Metaspace       used 41865K, committed 42112K, reserved 1114112K
  class space    used 4872K, committed 4992K, reserved 1048576K
}
Event: 2.102 GC heap after
{Heap after GC invocations=11 (full 0):
 garbage-first heap   total 65536K, used 26632K [0x0000000084400000, 0x0000000100000000)
  region size 1024K, 4 young (4096K), 4 survivors (4096K)
 Metaspace       used 41865K, committed 42112K, reserved 1114112K
  class space    used 4872K, committed 4992K, reserved 1048576K
}
Event: 2.644 GC heap before
{Heap before GC invocations=11 (full 0):
 garbage-first heap   total 65536K, used 50184K [0x0000000084400000, 0x0000000100000000)
  region size 1024K, 29 young (29696K), 4 survivors (4096K)
 Metaspace       used 46278K, committed 46528K, reserved 1114112K
  class space    used 5319K, committed 5440K, reserved 1048576K
}
Event: 2.658 GC heap after
{Heap after GC invocations=12 (full 0):
 garbage-first heap   total 65536K, used 29720K [0x0000000084400000, 0x0000000100000000)
  region size 1024K, 4 young (4096K), 4 survivors (4096K)
 Metaspace       used 46278K, committed 46528K, reserved 1114112K
  class space    used 5319K, committed 5440K, reserved 1048576K
}
Event: 3.143 GC heap before
{Heap before GC invocations=13 (full 0):
 garbage-first heap   total 65536K, used 53272K [0x0000000084400000, 0x0000000100000000)
  region size 1024K, 27 young (27648K), 4 survivors (4096K)
 Metaspace       used 49019K, committed 49280K, reserved 1114112K
  class space    used 5585K, committed 5696K, reserved 1048576K
}
Event: 3.163 GC heap after
{Heap after GC invocations=14 (full 0):
 garbage-first heap   total 65536K, used 35626K [0x0000000084400000, 0x0000000100000000)
  region size 1024K, 4 young (4096K), 4 survivors (4096K)
 Metaspace       used 49019K, committed 49280K, reserved 1114112K
  class space    used 5585K, committed 5696K, reserved 1048576K
}
Event: 3.303 GC heap before
{Heap before GC invocations=14 (full 0):
 garbage-first heap   total 65536K, used 54058K [0x0000000084400000, 0x0000000100000000)
  region size 1024K, 22 young (22528K), 4 survivors (4096K)
 Metaspace       used 49367K, committed 49664K, reserved 1114112K
  class space    used 5604K, committed 5760K, reserved 1048576K
}
Event: 3.319 GC heap after
{Heap after GC invocations=15 (full 0):
 garbage-first heap   total 82944K, used 40903K [0x0000000084400000, 0x0000000100000000)
  region size 1024K, 3 young (3072K), 3 survivors (3072K)
 Metaspace       used 49367K, committed 49664K, reserved 1114112K
  class space    used 5604K, committed 5760K, reserved 1048576K
}
Event: 3.375 GC heap before
{Heap before GC invocations=15 (full 0):
 garbage-first heap   total 82944K, used 49095K [0x0000000084400000, 0x0000000100000000)
  region size 1024K, 12 young (12288K), 3 survivors (3072K)
 Metaspace       used 49458K, committed 49728K, reserved 1114112K
  class space    used 5606K, committed 5760K, reserved 1048576K
}
Event: 3.384 GC heap after
{Heap after GC invocations=16 (full 0):
 garbage-first heap   total 82944K, used 44058K [0x0000000084400000, 0x0000000100000000)
  region size 1024K, 3 young (3072K), 3 survivors (3072K)
 Metaspace       used 49458K, committed 49728K, reserved 1114112K
  class space    used 5606K, committed 5760K, reserved 1048576K
}
Event: 3.555 GC heap before
{Heap before GC invocations=17 (full 0):
 garbage-first heap   total 82944K, used 66586K [0x0000000084400000, 0x0000000100000000)
  region size 1024K, 24 young (24576K), 3 survivors (3072K)
 Metaspace       used 49924K, committed 50240K, reserved 1114112K
  class space    used 5643K, committed 5760K, reserved 1048576K
}
Event: 3.566 GC heap after
{Heap after GC invocations=18 (full 0):
 garbage-first heap   total 82944K, used 52679K [0x0000000084400000, 0x0000000100000000)
  region size 1024K, 3 young (3072K), 3 survivors (3072K)
 Metaspace       used 49924K, committed 50240K, reserved 1114112K
  class space    used 5643K, committed 5760K, reserved 1048576K
}
Event: 3.703 GC heap before
{Heap before GC invocations=18 (full 0):
 garbage-first heap   total 82944K, used 69063K [0x0000000084400000, 0x0000000100000000)
  region size 1024K, 19 young (19456K), 3 survivors (3072K)
 Metaspace       used 50155K, committed 50496K, reserved 1114112K
  class space    used 5661K, committed 5824K, reserved 1048576K
}
Event: 3.714 GC heap after
{Heap after GC invocations=19 (full 0):
 garbage-first heap   total 82944K, used 57287K [0x0000000084400000, 0x0000000100000000)
  region size 1024K, 3 young (3072K), 3 survivors (3072K)
 Metaspace       used 50155K, committed 50496K, reserved 1114112K
  class space    used 5661K, committed 5824K, reserved 1048576K
}
Event: 4.004 GC heap before
{Heap before GC invocations=19 (full 0):
 garbage-first heap   total 82944K, used 70599K [0x0000000084400000, 0x0000000100000000)
  region size 1024K, 17 young (17408K), 3 survivors (3072K)
 Metaspace       used 52130K, committed 52416K, reserved 1114112K
  class space    used 5884K, committed 6016K, reserved 1048576K
}
Event: 4.011 GC heap after
{Heap after GC invocations=20 (full 0):
 garbage-first heap   total 82944K, used 59701K [0x0000000084400000, 0x0000000100000000)
  region size 1024K, 2 young (2048K), 2 survivors (2048K)
 Metaspace       used 52130K, committed 52416K, reserved 1114112K
  class space    used 5884K, committed 6016K, reserved 1048576K
}

Dll operation events (3 events):
Event: 0.010 Loaded shared library C:\Program Files\Android\Android Studio\jbr\bin\java.dll
Event: 0.017 Loaded shared library C:\Program Files\Android\Android Studio\jbr\bin\zip.dll
Event: 0.902 Loaded shared library C:\Program Files\Android\Android Studio\jbr\bin\verify.dll

Deoptimization events (20 events):
Event: 4.129 Thread 0x0000023eaa45f010 Uncommon trap: trap_request=0xffffffc6 fr.pc=0x0000023eb73f031c relative=0x00000000000000dc
Event: 4.129 Thread 0x0000023eaa45f010 Uncommon trap: reason=bimorphic_or_optimized_type_check action=maybe_recompile pc=0x0000023eb73f031c method=kotlin.collections.CollectionsKt___CollectionsKt.getOrNull(Ljava/util/List;I)Ljava/lang/Object; @ 35 c2
Event: 4.129 Thread 0x0000023eaa45f010 DEOPT PACKING pc=0x0000023eb73f031c sp=0x00000061956fbc60
Event: 4.129 Thread 0x0000023eaa45f010 DEOPT UNPACKING pc=0x0000023eb6e87da2 sp=0x00000061956fbc08 mode 2
Event: 4.178 Thread 0x0000023eaa45f010 Uncommon trap: trap_request=0xffffffc6 fr.pc=0x0000023eb73f031c relative=0x00000000000000dc
Event: 4.178 Thread 0x0000023eaa45f010 Uncommon trap: reason=bimorphic_or_optimized_type_check action=maybe_recompile pc=0x0000023eb73f031c method=kotlin.collections.CollectionsKt___CollectionsKt.getOrNull(Ljava/util/List;I)Ljava/lang/Object; @ 35 c2
Event: 4.178 Thread 0x0000023eaa45f010 DEOPT PACKING pc=0x0000023eb73f031c sp=0x00000061956fbc60
Event: 4.178 Thread 0x0000023eaa45f010 DEOPT UNPACKING pc=0x0000023eb6e87da2 sp=0x00000061956fbc08 mode 2
Event: 4.208 Thread 0x0000023eaa45f010 Uncommon trap: trap_request=0xffffff45 fr.pc=0x0000023eb74bc6dc relative=0x00000000000036fc
Event: 4.208 Thread 0x0000023eaa45f010 Uncommon trap: reason=unstable_if action=reinterpret pc=0x0000023eb74bc6dc method=org.jetbrains.org.objectweb.asm.ClassReader.readMethod(Lorg/jetbrains/org/objectweb/asm/ClassVisitor;Lorg/jetbrains/org/objectweb/asm/Context;I)I @ 414 c2
Event: 4.208 Thread 0x0000023eaa45f010 DEOPT PACKING pc=0x0000023eb74bc6dc sp=0x00000061956f8270
Event: 4.208 Thread 0x0000023eaa45f010 DEOPT UNPACKING pc=0x0000023eb6e87da2 sp=0x00000061956f8208 mode 2
Event: 4.211 Thread 0x0000023eaa45f010 Uncommon trap: trap_request=0xffffffc6 fr.pc=0x0000023eb73f031c relative=0x00000000000000dc
Event: 4.211 Thread 0x0000023eaa45f010 Uncommon trap: reason=bimorphic_or_optimized_type_check action=maybe_recompile pc=0x0000023eb73f031c method=kotlin.collections.CollectionsKt___CollectionsKt.getOrNull(Ljava/util/List;I)Ljava/lang/Object; @ 35 c2
Event: 4.211 Thread 0x0000023eaa45f010 DEOPT PACKING pc=0x0000023eb73f031c sp=0x00000061956f91c0
Event: 4.211 Thread 0x0000023eaa45f010 DEOPT UNPACKING pc=0x0000023eb6e87da2 sp=0x00000061956f9168 mode 2
Event: 4.211 Thread 0x0000023eaa45f010 Uncommon trap: trap_request=0xffffffc6 fr.pc=0x0000023eb73f031c relative=0x00000000000000dc
Event: 4.211 Thread 0x0000023eaa45f010 Uncommon trap: reason=bimorphic_or_optimized_type_check action=maybe_recompile pc=0x0000023eb73f031c method=kotlin.collections.CollectionsKt___CollectionsKt.getOrNull(Ljava/util/List;I)Ljava/lang/Object; @ 35 c2
Event: 4.211 Thread 0x0000023eaa45f010 DEOPT PACKING pc=0x0000023eb73f031c sp=0x00000061956f91c0
Event: 4.211 Thread 0x0000023eaa45f010 DEOPT UNPACKING pc=0x0000023eb6e87da2 sp=0x00000061956f9168 mode 2

Classes loaded (20 events):
Event: 2.639 Loading class java/lang/annotation/ElementType
Event: 2.640 Loading class java/lang/annotation/ElementType done
Event: 2.640 Loading class java/lang/Deprecated
Event: 2.640 Loading class java/lang/Deprecated done
Event: 2.640 Loading class java/lang/Override
Event: 2.640 Loading class java/lang/Override done
Event: 2.847 Loading class java/text/StringCharacterIterator
Event: 2.847 Loading class java/text/CharacterIterator
Event: 2.847 Loading class java/text/CharacterIterator done
Event: 2.847 Loading class java/text/StringCharacterIterator done
Event: 3.119 Loading class java/util/ArrayList$SubList$1
Event: 3.119 Loading class java/util/ArrayList$SubList$1 done
Event: 3.579 Loading class java/util/AbstractList$ListItr
Event: 3.579 Loading class java/util/AbstractList$ListItr done
Event: 4.160 Loading class java/security/CodeSigner
Event: 4.160 Loading class java/security/CodeSigner done
Event: 4.167 Loading class java/util/AbstractList$RandomAccessSubList
Event: 4.167 Loading class java/util/AbstractList$SubList
Event: 4.167 Loading class java/util/AbstractList$SubList done
Event: 4.167 Loading class java/util/AbstractList$RandomAccessSubList done

Classes unloaded (0 events):
No events

Classes redefined (0 events):
No events

Internal exceptions (20 events):
Event: 2.352 Thread 0x0000023eaa45f010 Implicit null exception at 0x0000023eb753b91f to 0x0000023eb753fe80
Event: 2.352 Thread 0x0000023eaa45f010 Implicit null exception at 0x0000023eb753b91f to 0x0000023eb753fe80
Event: 2.352 Thread 0x0000023eaa45f010 Implicit null exception at 0x0000023eb753b91f to 0x0000023eb753fe80
Event: 2.352 Thread 0x0000023eaa45f010 Implicit null exception at 0x0000023eb753b91f to 0x0000023eb753fe80
Event: 2.352 Thread 0x0000023eaa45f010 Implicit null exception at 0x0000023eb753b91f to 0x0000023eb753fe80
Event: 2.352 Thread 0x0000023eaa45f010 Implicit null exception at 0x0000023eb753b91f to 0x0000023eb753fe80
Event: 2.352 Thread 0x0000023eaa45f010 Implicit null exception at 0x0000023eb753b91f to 0x0000023eb753fe80
Event: 2.352 Thread 0x0000023eaa45f010 Implicit null exception at 0x0000023eb753b91f to 0x0000023eb753fe80
Event: 2.352 Thread 0x0000023eaa45f010 Implicit null exception at 0x0000023eb753b91f to 0x0000023eb753fe80
Event: 2.353 Thread 0x0000023eaa45f010 Implicit null exception at 0x0000023eb753b91f to 0x0000023eb753fe80
Event: 2.353 Thread 0x0000023eaa45f010 Implicit null exception at 0x0000023eb753b91f to 0x0000023eb753fe80
Event: 2.353 Thread 0x0000023eaa45f010 Implicit null exception at 0x0000023eb753b91f to 0x0000023eb753fe80
Event: 2.597 Thread 0x0000023eaa45f010 Exception <a 'java/lang/NoSuchMethodError'{0x0000000086a77140}: 'java.lang.Object java.lang.invoke.DirectMethodHandle$Holder.newInvokeSpecial(java.lang.Object, java.lang.Object, java.lang.Object, int, java.lang.Object)'> (0x0000000086a77140) 
thrown [s\src\hotspot\share\interpreter\linkResolver.cpp, line 784]
Event: 2.755 Thread 0x0000023eaa45f010 Implicit null exception at 0x0000023eb7573309 to 0x0000023eb7573b4c
Event: 2.755 Thread 0x0000023eaa45f010 Implicit null exception at 0x0000023eb756efc0 to 0x0000023eb756f234
Event: 3.863 Thread 0x0000023eaa45f010 Exception <a 'java/lang/NoSuchMethodError'{0x0000000088c8a000}: 'java.lang.Object java.lang.invoke.DirectMethodHandle$Holder.newInvokeSpecial(java.lang.Object, java.lang.Object, java.lang.Object, java.lang.Object, int, java.lang.Object, java.lang.Object)'> (0x0000000088c8a000) 
thrown [s\src\hotspot\share\interpreter\linkResolver.cpp, line 784]
Event: 3.864 Thread 0x0000023eaa45f010 Exception <a 'java/lang/NoSuchMethodError'{0x0000000088c92240}: 'java.lang.Object java.lang.invoke.Invokers$Holder.linkToTargetMethod(java.lang.Object, java.lang.Object, java.lang.Object, int, java.lang.Object, java.lang.Object, java.lang.Object)'> (0x0000000088c92240) 
thrown [s\src\hotspot\share\interpreter\linkResolver.cpp, line 784]
Event: 4.122 Thread 0x0000023eaa45f010 Exception <a 'java/lang/NoSuchMethodError'{0x000000008a5f13d0}: 'java.lang.Object java.lang.invoke.DirectMethodHandle$Holder.invokeSpecial(java.lang.Object, java.lang.Object, int, java.lang.Object, java.lang.Object)'> (0x000000008a5f13d0) 
thrown [s\src\hotspot\share\interpreter\linkResolver.cpp, line 784]
Event: 4.181 Thread 0x0000023eaa45f010 Exception <a 'java/lang/NoSuchMethodError'{0x0000000089ff9340}: 'java.lang.Object java.lang.invoke.DirectMethodHandle$Holder.invokeStatic(java.lang.Object, int, java.lang.Object, java.lang.Object)'> (0x0000000089ff9340) 
thrown [s\src\hotspot\share\interpreter\linkResolver.cpp, line 784]
Event: 4.182 Thread 0x0000023eaa45f010 Exception <a 'java/lang/NoSuchMethodError'{0x0000000089e00928}: 'java.lang.Object java.lang.invoke.DirectMethodHandle$Holder.newInvokeSpecial(java.lang.Object, int, java.lang.Object)'> (0x0000000089e00928) 
thrown [s\src\hotspot\share\interpreter\linkResolver.cpp, line 784]

ZGC Phase Switch (0 events):
No events

VM Operations (20 events):
Event: 3.143 Executing VM operation: G1CollectForAllocation (G1 Evacuation Pause)
Event: 3.163 Executing VM operation: G1CollectForAllocation (G1 Evacuation Pause) done
Event: 3.303 Executing VM operation: G1CollectForAllocation (G1 Evacuation Pause)
Event: 3.319 Executing VM operation: G1CollectForAllocation (G1 Evacuation Pause) done
Event: 3.375 Executing VM operation: G1TryInitiateConcMark (G1 Humongous Allocation)
Event: 3.384 Executing VM operation: G1TryInitiateConcMark (G1 Humongous Allocation) done
Event: 3.428 Executing VM operation: G1PauseRemark
Event: 3.434 Executing VM operation: G1PauseRemark done
Event: 3.447 Executing VM operation: G1PauseCleanup
Event: 3.448 Executing VM operation: G1PauseCleanup done
Event: 3.555 Executing VM operation: G1CollectForAllocation (G1 Evacuation Pause)
Event: 3.566 Executing VM operation: G1CollectForAllocation (G1 Evacuation Pause) done
Event: 3.703 Executing VM operation: G1CollectForAllocation (G1 Evacuation Pause)
Event: 3.714 Executing VM operation: G1CollectForAllocation (G1 Evacuation Pause) done
Event: 4.003 Executing VM operation: G1CollectForAllocation (G1 Evacuation Pause)
Event: 4.011 Executing VM operation: G1CollectForAllocation (G1 Evacuation Pause) done
Event: 4.068 Executing VM operation: G1PauseRemark
Event: 4.074 Executing VM operation: G1PauseRemark done
Event: 4.096 Executing VM operation: G1PauseCleanup
Event: 4.097 Executing VM operation: G1PauseCleanup done

Memory protections (0 events):
No events

Nmethod flushes (20 events):
Event: 4.073 Thread 0x0000023ec8008830 flushing  nmethod 0x0000023eafcb9410
Event: 4.073 Thread 0x0000023ec8008830 flushing  nmethod 0x0000023eafd82410
Event: 4.073 Thread 0x0000023ec8008830 flushing  nmethod 0x0000023eafd83f90
Event: 4.073 Thread 0x0000023ec8008830 flushing  nmethod 0x0000023eafda9510
Event: 4.073 Thread 0x0000023ec8008830 flushing  nmethod 0x0000023eafdca710
Event: 4.073 Thread 0x0000023ec8008830 flushing  nmethod 0x0000023eafe19690
Event: 4.073 Thread 0x0000023ec8008830 flushing  nmethod 0x0000023eafe26a10
Event: 4.073 Thread 0x0000023ec8008830 flushing  nmethod 0x0000023eafe27d90
Event: 4.073 Thread 0x0000023ec8008830 flushing  nmethod 0x0000023eafe2c590
Event: 4.073 Thread 0x0000023ec8008830 flushing  nmethod 0x0000023eafea2010
Event: 4.073 Thread 0x0000023ec8008830 flushing  nmethod 0x0000023eafea2b10
Event: 4.073 Thread 0x0000023ec8008830 flushing  nmethod 0x0000023eafea4390
Event: 4.073 Thread 0x0000023ec8008830 flushing  nmethod 0x0000023eafeab290
Event: 4.073 Thread 0x0000023ec8008830 flushing  nmethod 0x0000023eafeabb10
Event: 4.073 Thread 0x0000023ec8008830 flushing  nmethod 0x0000023eafebe890
Event: 4.073 Thread 0x0000023ec8008830 flushing  nmethod 0x0000023eafec2b90
Event: 4.073 Thread 0x0000023ec8008830 flushing  nmethod 0x0000023eafec3690
Event: 4.073 Thread 0x0000023ec8008830 flushing  nmethod 0x0000023eafec3a90
Event: 4.073 Thread 0x0000023ec8008830 flushing  nmethod 0x0000023eafed4590
Event: 4.073 Thread 0x0000023ec8008830 flushing  nmethod 0x0000023eaffa5b90

Events (20 events):
Event: 0.053 Thread 0x0000023eaa45f010 Thread added: 0x0000023ec807a8d0
Event: 0.054 Thread 0x0000023eaa45f010 Thread added: 0x0000023ec80a0760
Event: 0.054 Thread 0x0000023eaa45f010 Thread added: 0x0000023ec8063b00
Event: 0.054 Thread 0x0000023eaa45f010 Thread added: 0x0000023ec8065560
Event: 0.054 Thread 0x0000023eaa45f010 Thread added: 0x0000023ec80660e0
Event: 0.054 Thread 0x0000023eaa45f010 Thread added: 0x0000023ec8069620
Event: 0.054 Thread 0x0000023eaa45f010 Thread added: 0x0000023ec805ada0
Event: 0.077 Thread 0x0000023eaa45f010 Thread added: 0x0000023ec82339b0
Event: 0.081 Thread 0x0000023eaa45f010 Thread added: 0x0000023ec82341d0
Event: 0.087 Loaded shared library C:\Program Files\Android\Android Studio\jbr\bin\net.dll
Event: 0.089 Loaded shared library C:\Program Files\Android\Android Studio\jbr\bin\nio.dll
Event: 0.101 Thread 0x0000023ec8069620 Thread added: 0x0000023ec82be040
Event: 0.101 Thread 0x0000023ec8069620 Thread added: 0x0000023ec82ba8f0
Event: 0.110 Loaded shared library C:\Program Files\Android\Android Studio\jbr\bin\zip.dll
Event: 0.130 Loaded shared library C:\Program Files\Android\Android Studio\jbr\bin\jimage.dll
Event: 0.434 Thread 0x0000023ec82ba8f0 Thread exited: 0x0000023ec82ba8f0
Event: 0.529 Thread 0x0000023ec82be040 Thread exited: 0x0000023ec82be040
Event: 0.587 Thread 0x0000023ec805ada0 Thread added: 0x0000023ec8b7ef80
Event: 0.978 Thread 0x0000023ec8069620 Thread added: 0x0000023ec8fab830
Event: 4.136 Thread 0x0000023ec8fab830 Thread exited: 0x0000023ec8fab830


Dynamic libraries:
0x00007ff674f50000 - 0x00007ff674f5a000 	C:\Program Files\Android\Android Studio\jbr\bin\java.exe
0x00007ffdab500000 - 0x00007ffdab768000 	C:\WINDOWS\SYSTEM32\ntdll.dll
0x00007ffda9d50000 - 0x00007ffda9e19000 	C:\WINDOWS\System32\KERNEL32.DLL
0x00007ffda8e40000 - 0x00007ffda9232000 	C:\WINDOWS\System32\KERNELBASE.dll
0x00007ffda8cf0000 - 0x00007ffda8e3b000 	C:\WINDOWS\System32\ucrtbase.dll
0x00007ffd9e980000 - 0x00007ffd9e99b000 	C:\Program Files\Android\Android Studio\jbr\bin\VCRUNTIME140.dll
0x00007ffda31c0000 - 0x00007ffda31d8000 	C:\Program Files\Android\Android Studio\jbr\bin\jli.dll
0x00007ffdab0e0000 - 0x00007ffdab2a5000 	C:\WINDOWS\System32\USER32.dll
0x00007ffda8c10000 - 0x00007ffda8c37000 	C:\WINDOWS\System32\win32u.dll
0x00007ffd8de40000 - 0x00007ffd8e0d3000 	C:\WINDOWS\WinSxS\amd64_microsoft.windows.common-controls_6595b64144ccf1df_6.0.26100.6899_none_3e0efeeae32e88c1\COMCTL32.dll
0x00007ffdaac60000 - 0x00007ffdaac8b000 	C:\WINDOWS\System32\GDI32.dll
0x00007ffda9ee0000 - 0x00007ffda9f89000 	C:\WINDOWS\System32\msvcrt.dll
0x00007ffda8800000 - 0x00007ffda892d000 	C:\WINDOWS\System32\gdi32full.dll
0x00007ffda8c40000 - 0x00007ffda8ce3000 	C:\WINDOWS\System32\msvcp_win.dll
0x00007ffdaa710000 - 0x00007ffdaa73f000 	C:\WINDOWS\System32\IMM32.DLL
0x00007ffda0610000 - 0x00007ffda061c000 	C:\Program Files\Android\Android Studio\jbr\bin\vcruntime140_1.dll
0x00007ffd945d0000 - 0x00007ffd9465d000 	C:\Program Files\Android\Android Studio\jbr\bin\msvcp140.dll
0x00007ffd403c0000 - 0x00007ffd4104b000 	C:\Program Files\Android\Android Studio\jbr\bin\server\jvm.dll
0x00007ffda9440000 - 0x00007ffda94f4000 	C:\WINDOWS\System32\ADVAPI32.dll
0x00007ffda9c40000 - 0x00007ffda9ce6000 	C:\WINDOWS\System32\sechost.dll
0x00007ffdaab40000 - 0x00007ffdaac58000 	C:\WINDOWS\System32\RPCRT4.dll
0x00007ffdaa850000 - 0x00007ffdaa8c4000 	C:\WINDOWS\System32\WS2_32.dll
0x00007ffda84f0000 - 0x00007ffda854e000 	C:\WINDOWS\SYSTEM32\POWRPROF.dll
0x00007ffd99150000 - 0x00007ffd9915b000 	C:\WINDOWS\SYSTEM32\VERSION.dll
0x00007ffd9edc0000 - 0x00007ffd9edf5000 	C:\WINDOWS\SYSTEM32\WINMM.dll
0x00007ffda84d0000 - 0x00007ffda84e4000 	C:\WINDOWS\SYSTEM32\UMPDC.dll
0x00007ffda7460000 - 0x00007ffda747b000 	C:\WINDOWS\SYSTEM32\kernel.appcore.dll
0x00007ffd9e970000 - 0x00007ffd9e97a000 	C:\Program Files\Android\Android Studio\jbr\bin\jimage.dll
0x00007ffda5d10000 - 0x00007ffda5f52000 	C:\WINDOWS\SYSTEM32\DBGHELP.DLL
0x00007ffdaad60000 - 0x00007ffdab0db000 	C:\WINDOWS\System32\combase.dll
0x00007ffdaaa60000 - 0x00007ffdaab37000 	C:\WINDOWS\System32\OLEAUT32.dll
0x00007ffd7b700000 - 0x00007ffd7b73c000 	C:\WINDOWS\SYSTEM32\dbgcore.DLL
0x00007ffda8ab0000 - 0x00007ffda8b48000 	C:\WINDOWS\System32\bcryptPrimitives.dll
0x00007ffd9e950000 - 0x00007ffd9e970000 	C:\Program Files\Android\Android Studio\jbr\bin\java.dll
0x00007ffd7fdb0000 - 0x00007ffd7fdc8000 	C:\Program Files\Android\Android Studio\jbr\bin\zip.dll
0x00007ffda9fa0000 - 0x00007ffdaa6ed000 	C:\WINDOWS\System32\SHELL32.dll
0x00007ffda8690000 - 0x00007ffda87fb000 	C:\WINDOWS\System32\wintypes.dll
0x00007ffda62c0000 - 0x00007ffda6b1d000 	C:\WINDOWS\SYSTEM32\windows.storage.dll
0x00007ffdaa8d0000 - 0x00007ffdaa9c2000 	C:\WINDOWS\System32\SHCORE.dll
0x00007ffdaa750000 - 0x00007ffdaa7b2000 	C:\WINDOWS\System32\shlwapi.dll
0x00007ffda85b0000 - 0x00007ffda85d9000 	C:\WINDOWS\SYSTEM32\profapi.dll
0x00007ffd9e940000 - 0x00007ffd9e950000 	C:\Program Files\Android\Android Studio\jbr\bin\net.dll
0x00007ffda11f0000 - 0x00007ffda130f000 	C:\WINDOWS\SYSTEM32\WINHTTP.dll
0x00007ffda79d0000 - 0x00007ffda7a3b000 	C:\WINDOWS\system32\mswsock.dll
0x00007ffd7fd90000 - 0x00007ffd7fda6000 	C:\Program Files\Android\Android Studio\jbr\bin\nio.dll
0x00007ffda0680000 - 0x00007ffda0690000 	C:\Program Files\Android\Android Studio\jbr\bin\verify.dll

dbghelp: loaded successfully - version: 4.0.5 - missing functions: none
symbol engine: initialized successfully - sym options: 0x614 - pdb path: .;C:\Program Files\Android\Android Studio\jbr\bin;C:\WINDOWS\SYSTEM32;C:\WINDOWS\WinSxS\amd64_microsoft.windows.common-controls_6595b64144ccf1df_6.0.26100.6899_none_3e0efeeae32e88c1;C:\Program Files\Android\Android Studio\jbr\bin\server

VM Arguments:
java_command: org.jetbrains.kotlin.cli.jvm.K2JVMCompiler @D:\SmartSight2\app\build\20251126_9943585223633375821.compiler.options
java_class_path (initial): C:\Users\D'MAN CIVIL\.gradle\caches\modules-2\files-2.1\org.jetbrains.kotlin\kotlin-compiler-embeddable\2.0.21\79346ed53db48b18312a472602eb5c057070c54d\kotlin-compiler-embeddable-2.0.21.jar;C:\Users\D'MAN CIVIL\.gradle\caches\modules-2\files-2.1\org.jetbrains.kotlin\kotlin-stdlib\2.0.21\618b539767b4899b4660a83006e052b63f1db551\kotlin-stdlib-2.0.21.jar;C:\Users\D'MAN CIVIL\.gradle\caches\modules-2\files-2.1\org.jetbrains.kotlin\kotlin-script-runtime\2.0.21\c9b044380ad41f89aa89aa896c2d32a8c0b2129d\kotlin-script-runtime-2.0.21.jar;C:\Users\D'MAN CIVIL\.gradle\caches\modules-2\files-2.1\org.jetbrains.kotlin\kotlin-reflect\1.6.10\1cbe9c92c12a94eea200d23c2bbaedaf3daf5132\kotlin-reflect-1.6.10.jar;C:\Users\D'MAN CIVIL\.gradle\caches\modules-2\files-2.1\org.jetbrains.kotlin\kotlin-daemon-embeddable\2.0.21\c9e933b23287de9b5a17e2116b4657bb91aea72c\kotlin-daemon-embeddable-2.0.21.jar;C:\Users\D'MAN CIVIL\.gradle\caches\modules-2\files-2.1\org.jetbrains.intellij.deps\trove4j\1.0.20200330\3afb14d5f9ceb459d724e907a21145e8ff394f02\trove4j-1.0.20200330.jar;C:\Users\D'MAN CIVIL\.gradle\caches\modules-2\files-2.1\org.jetbrains.kotlinx\kotlinx-coroutines-core-jvm\1.6.4\2c997cd1c0ef33f3e751d3831929aeff1390cb30\kotlinx-coroutines-core-jvm-1.6.4.jar;C:\Users\D'MAN CIVIL\.gradle\caches\modules-2\files-2.1\org.jetbrains\annotations\13.0\919f0dfe192fb4e063e7dacadee7f8bb9a2672a9\annotations-13.0.jar
Launcher Type: SUN_STANDARD

[Global flags]
     intx CICompilerCount                          = 4                                         {product} {ergonomic}
     uint ConcGCThreads                            = 2                                         {product} {ergonomic}
     uint G1ConcRefinementThreads                  = 8                                         {product} {ergonomic}
   size_t G1HeapRegionSize                         = 1048576                                   {product} {ergonomic}
    uintx GCDrainStackTargetSize                   = 64                                        {product} {ergonomic}
   size_t InitialHeapSize                          = 130023424                                 {product} {ergonomic}
   size_t MarkStackSize                            = 4194304                                   {product} {ergonomic}
   size_t MaxHeapSize                              = 2076180480                                {product} {ergonomic}
   size_t MaxNewSize                               = 1245708288                                {product} {ergonomic}
   size_t MinHeapDeltaBytes                        = 1048576                                   {product} {ergonomic}
   size_t MinHeapSize                              = 8388608                                   {product} {ergonomic}
    uintx NonNMethodCodeHeapSize                   = 5839372                                {pd product} {ergonomic}
    uintx NonProfiledCodeHeapSize                  = 122909434                              {pd product} {ergonomic}
    uintx ProfiledCodeHeapSize                     = 122909434                              {pd product} {ergonomic}
    uintx ReservedCodeCacheSize                    = 251658240                              {pd product} {ergonomic}
     bool SegmentedCodeCache                       = true                                      {product} {ergonomic}
   size_t SoftMaxHeapSize                          = 2076180480                             {manageable} {ergonomic}
     bool UseCompressedOops                        = true                           {product lp64_product} {ergonomic}
     bool UseG1GC                                  = true                                      {product} {ergonomic}
     bool UseLargePagesIndividualAllocation        = false                                  {pd product} {ergonomic}

Logging:
Log output configuration:
 #0: stdout all=warning uptime,level,tags foldmultilines=false
 #1: stderr all=off uptime,level,tags foldmultilines=false

Environment Variables:
PATH=C:\Windows\system32;C:\Windows;C:\Windows\System32\Wbem;C:\Windows\System32\WindowsPowerShell\v1.0\;C:\Windows\System32\OpenSSH\;C:\Program Files\NVIDIA Corporation\NVIDIA NvDLISR;C:\WINDOWS\system32;C:\WINDOWS;C:\WINDOWS\System32\Wbem;C:\WINDOWS\System32\WindowsPowerShell\v1.0\;C:\WINDOWS\System32\OpenSSH\;C:\Program Files\dotnet\;C:\Program Files\Microsoft SQL Server\120\Tools\Binn\;C:\Program Files\Common Files\Autodesk Shared\;C:\Program Files (x86)\CODESYS\APInstaller\;C:\Program Files\Git\cmd;C:\Users\D'MAN CIVIL\AppData\Local\Microsoft\WindowsApps;C:\Users\D'MAN CIVIL\AppData\Local\Programs\Microsoft VS Code\bin;C:\Users\D'MAN CIVIL\Downloads\platform-tools-latest-windows (1)\platform-tools\adb.exe;C:\Users\D'MAN CIVIL
USERNAME=D'MAN CIVIL
OS=Windows_NT
PROCESSOR_IDENTIFIER=Intel64 Family 6 Model 140 Stepping 1, GenuineIntel
TMP=C:\Users\D'MANC~1\AppData\Local\Temp
TEMP=C:\Users\D'MANC~1\AppData\Local\Temp




Periodic native trim disabled

JNI global refs:
JNI global refs: 9, weak refs: 0

JNI global refs memory usage: 835, weak refs: 833

Process memory usage:
Resident Set Size: 262296K (3% of 8104744K total physical memory with 598408K free physical memory)

OOME stack traces (most recent first):
Classloader memory used:
